<?xml version="1.0" encoding="UTF-8"?>
<testsuite xmlns:xsi="http://www.w3.org/2001/XMLSchema-instance" xsi:noNamespaceSchemaLocation="https://maven.apache.org/surefire/maven-surefire-plugin/xsd/surefire-test-report-3.0.xsd" version="3.0" name="csv302.GradeApiTest" time="12.891" tests="5" errors="0" skipped="0" failures="0">
  <properties>
[...]
</properties>
  <testcase name="testCreatePost" classname="csv302.GradeApiTest" time="7.21">
    <system-err><![CDATA[SLF4J: Failed to load class "org.slf4j.impl.StaticLoggerBinder".
SLF4J: Defaulting to no-operation (NOP) logger implementation
SLF4J: See http://www.slf4j.org/codes.html#StaticLoggerBinder for further details.
]]></system-err>
  </testcase>
  <testcase name="testDeletePost" classname="csv302.GradeApiTest" time="0.689"/>
  <testcase name="testGetAllPosts" classname="csv302.GradeApiTest" time="0.551"/>
  <testcase name="testGetNonExistentPost" classname="csv302.GradeApiTest" time="0.548"/>
  <testcase name="testGetPostById" classname="csv302.GradeApiTest" time="0.617"/>
</testsuite>