<?xml version="1.0" encoding="UTF-8"?>
<!-- Generated by org.testng.reporters.JUnitXMLReporter -->
<testsuite ignored="0" hostname="Koorkon" failures="0" tests="5" name="Surefire test" time="10.704" errors="0" timestamp="2026-05-21T10:12:57 UTC">
  <testcase classname="csv302.GradeApiTest" name="testCreatePost" time="6.055"/>
  <testcase classname="csv302.GradeApiTest" name="testDeletePost" time="0.636"/>
  <testcase classname="csv302.GradeApiTest" name="testGetAllPosts" time="0.662"/>
  <testcase classname="csv302.GradeApiTest" name="testGetNonExistentPost" time="0.399"/>
  <testcase classname="csv302.GradeApiTest" name="testGetPostById" time="0.547"/>
</testsuite> <!-- Surefire test -->
