<?xml version="1.0" encoding="UTF-8"?>
<!-- Generated by org.testng.reporters.JUnitReportReporter -->
<testsuite hostname="9ddb5358b428" failures="0" tests="5" name="csv302.GradeApiTest" time="9.605" errors="0" timestamp="2026-05-21T09:06:29 UTC" skipped="0">
  <testcase classname="csv302.GradeApiTest" name="testCreatePost" time="7.201"/>
  <testcase classname="csv302.GradeApiTest" name="testDeletePost" time="0.689"/>
  <testcase classname="csv302.GradeApiTest" name="testGetNonExistentPost" time="0.547"/>
  <testcase classname="csv302.GradeApiTest" name="testGetPostById" time="0.616"/>
  <testcase classname="csv302.GradeApiTest" name="testGetAllPosts" time="0.552"/>
</testsuite> <!-- csv302.GradeApiTest -->
