<?xml version="1.0" encoding="UTF-8"?>
<!-- Generated by org.testng.reporters.JUnitReportReporter -->
<testsuite hostname="Koorkon" failures="0" tests="5" name="csv302.GradeApiTest" time="8.299" errors="0" timestamp="2026-05-21T10:12:58 UTC" skipped="0">
  <testcase classname="csv302.GradeApiTest" name="testGetPostById" time="0.547"/>
  <testcase classname="csv302.GradeApiTest" name="testGetAllPosts" time="0.662"/>
  <testcase classname="csv302.GradeApiTest" name="testDeletePost" time="0.636"/>
  <testcase classname="csv302.GradeApiTest" name="testGetNonExistentPost" time="0.399"/>
  <testcase classname="csv302.GradeApiTest" name="testCreatePost" time="6.055"/>
</testsuite> <!-- csv302.GradeApiTest -->
